\BOOKMARK [0][-]{chapter*.2}{\376\377\000S\000e\000z\000n\000a\000m\000\040\000o\000b\000r\000\341\000z\000k\001\157}{}% 1
\BOOKMARK [0][-]{chapter*.3}{\376\377\000S\000e\000z\000n\000a\000m\000\040\000t\000a\000b\000u\000l\000e\000k}{}% 2
\BOOKMARK [0][-]{chapter*.4}{\376\377\000\332\000v\000o\000d}{}% 3
\BOOKMARK [0][-]{chapter.1}{\376\377\000T\000e\000r\000m\000o\000h\000y\000d\000r\000a\000u\000l\000i\000c\000k\000\351\000\040\000s\000y\000s\000t\000\351\000m\000o\000v\000\351\000\040\000k\000\363\000d\000y}{}% 4
\BOOKMARK [1][-]{section.1.1}{\376\377\000\332\000v\000o\000d}{chapter.1}% 5
\BOOKMARK [1][-]{section.1.2}{\376\377\000O\000b\000l\000a\000s\000t\000i\000\040\000a\000p\000l\000i\000k\000a\000c\000e}{chapter.1}% 6
\BOOKMARK [1][-]{section.1.3}{\376\377\000H\000o\000d\000n\000o\000c\000e\000n\000\355\000\040\000s\000y\000s\000t\000\351\000m\000o\000v\000\375\000c\000h\000\040\000k\000\363\000d\001\157}{chapter.1}% 7
\BOOKMARK [1][-]{section.1.4}{\376\377\000L\000i\000m\000i\000t\000a\000c\000e\000\040\000s\000y\000s\000t\000\351\000m\000o\000v\000\375\000c\000h\000\040\000k\000\363\000d\001\157}{chapter.1}% 8
\BOOKMARK [1][-]{section.1.5}{\376\377\000A\000p\000l\000i\000k\000a\000c\000e\000\040\000n\000a\000\040\000v\000\375\000z\000k\000u\000m\000n\000\351\000\040\000r\000e\000a\000k\000t\000o\000r\000y}{chapter.1}% 9
\BOOKMARK [0][-]{chapter.2}{\376\377\000B\000e\000n\000c\000h\000m\000a\000r\000k\000o\000v\000\341\000\040\000\372\000l\000o\000h\000a}{}% 10
\BOOKMARK [1][-]{section.2.1}{\376\377\000P\000o\000p\000i\000s\000\040\000e\000x\000p\000e\000r\000i\000m\000e\000n\000t\000u}{chapter.2}% 11
\BOOKMARK [1][-]{section.2.2}{\376\377\000Z\000\341\000k\000l\000a\000d\000n\000\355\000\040\000h\000y\000d\000r\000a\000u\000l\000i\000c\000k\000\351\000\040\000k\000o\000m\000p\000o\000n\000e\000n\000t\000y\000\040\000v\000\040\000k\000\363\000d\000u\000\040\000R\000E\000L\000A\000P\0005}{chapter.2}% 12
\BOOKMARK [1][-]{section.2.3}{\376\377\000M\000o\000d\000e\000l\000\040\000v\000\040\000R\000E\000L\000A\000P\0005}{chapter.2}% 13
\BOOKMARK [1][-]{section.2.4}{\376\377\000V\000\375\000s\000l\000e\000d\000k\000y\000\040\000e\000x\000p\000e\000r\000i\000m\000e\000n\000t\001\157\000\040\000a\000\040\000v\000\375\000p\000o\001\015\000t\001\157}{chapter.2}% 14
\BOOKMARK [0][-]{chapter.3}{\376\377\000T\000e\000r\000m\000o\000h\000y\000d\000r\000a\000u\000l\000i\000c\000k\000\375\000\040\000m\000o\000d\000e\000l\000\040\000p\000a\000l\000i\000v\000o\000v\000\351\000h\000o\000\040\001\015\000l\000\341\000n\000k\000u\000\040\000I\000R\000T\000-\0004\000M}{}% 15
\BOOKMARK [1][-]{section.3.1}{\376\377\000H\000y\000d\000r\000a\000u\000l\000i\000c\000k\000\375\000\040\000m\000o\000d\000e\000l\000\040\000I\000R\000T\000-\0004\000M}{chapter.3}% 16
\BOOKMARK [2][-]{subsection.3.1.1}{\376\377\000O\000v\001\033\001\131\000e\000n\000\355\000\040\000s\000p\000r\000\341\000v\000n\000o\000s\000t\000i\000\040\000m\000o\000d\000e\000l\000u}{section.3.1}% 17
\BOOKMARK [1][-]{section.3.2}{\376\377\000Z\000j\000e\000d\000n\000o\000d\000u\001\141\000e\000n\000\375\000\040\000h\000y\000d\000r\000a\000u\000l\000i\000c\000k\000\375\000\040\000m\000o\000d\000e\000l}{chapter.3}% 18
\BOOKMARK [2][-]{subsection.3.2.1}{\376\377\000O\000v\001\033\001\131\000e\000n\000\355\000\040\000s\000p\000r\000\341\000v\000n\000o\000s\000t\000i\000\040\000m\000o\000d\000e\000l\000u}{section.3.2}% 19
\BOOKMARK [1][-]{section.3.3}{\376\377\000T\000e\000r\000m\000o\000h\000y\000d\000r\000a\000u\000l\000i\000c\000k\000\375\000\040\000m\000o\000d\000e\000l\000\040\000P\001\014\000\040\000I\000R\000T\000-\0004\000M}{chapter.3}% 20
\BOOKMARK [1][-]{section.3.4}{\376\377\000S\000j\000e\000d\000n\000o\000c\000e\000n\000\355\000\040\000p\000r\001\157\000t\000o\001\015\000n\000\375\000c\000h\000\040\000k\000a\000n\000\341\000l\001\157}{chapter.3}% 21
\BOOKMARK [2][-]{subsection.3.4.1}{\376\377\000C\000e\000l\000k\000o\000v\000\375\000\040\000p\000r\001\157\000t\000o\000k\000\040\000s\000k\000r\000z\000\040\000P\001\014}{section.3.4}% 22
\BOOKMARK [2][-]{subsection.3.4.2}{\376\377\000O\000h\001\131\000e\000v\000\040\000c\000h\000l\000a\000d\000i\000v\000a\000\040\000n\000a\000\040\000v\000\375\000s\000t\000u\000p\000u\000\040\000z\000\040\000j\000e\000d\000n\000o\000t\000l\000i\000v\000\375\000c\000h\000\040\000k\000a\000n\000\341\000l\001\157\000\040\000\050\000t\000r\000u\000b\000e\000k\000\051\000\040\000P\001\014}{section.3.4}% 23
\BOOKMARK [2][-]{subsection.3.4.3}{\376\377\000V\000\375\000s\000k\000y\000t\000\040\000p\000o\000v\000r\000c\000h\000o\000v\000\351\000h\000o\000\040\000v\000a\000r\000u}{section.3.4}% 24
\BOOKMARK [2][-]{subsection.3.4.4}{\376\377\000Z\000h\000o\000d\000n\000o\000c\000e\000n\000\355\000\040\000s\000j\000e\000d\000n\000o\000c\000e\000n\000\355\000\040\000p\000r\001\157\000t\000o\001\015\000n\000\375\000c\000h\000\040\000k\000a\000n\000\341\000l\001\157}{section.3.4}% 25
\BOOKMARK [1][-]{section.3.5}{\376\377\000S\000j\000e\000d\000n\000o\000c\000e\000n\000\355\000\040\000t\000o\000p\000n\000\375\000c\000h\000\040\000k\000o\000m\000p\000o\000n\000e\000n\000t}{chapter.3}% 26
\BOOKMARK [2][-]{subsection.3.5.1}{\376\377\000V\000\375\000p\000o\001\015\000e\000t\000\040\000a\000\040\000z\000h\000o\000d\000n\000o\000c\000e\000n\000\355\000\040\000s\000j\000e\000d\000n\000o\000c\000e\000n\000\355\000\040\000H\000S}{section.3.5}% 27
\BOOKMARK [0][-]{chapter.4}{\376\377\000T\000e\000r\000m\000o\000h\000y\000d\000r\000a\000u\000l\000i\000c\000k\000\375\000\040\000m\000o\000d\000e\000l\000\040\000r\000e\000a\000k\000t\000o\000r\000u\000\040\000V\000R\000-\0001}{}% 28
\BOOKMARK [1][-]{section.4.1}{\376\377\000R\000e\000f\000e\000r\000e\000n\001\015\000n\000\355\000\040\000m\000o\000d\000e\000l}{chapter.4}% 29
\BOOKMARK [2][-]{subsection.4.1.1}{\376\377\000V\000\375\000s\000l\000e\000d\000k\000y}{section.4.1}% 30
\BOOKMARK [1][-]{section.4.2}{\376\377\000M\000o\000d\000e\000l\000\040\000N\000O\000D\0000\0001}{chapter.4}% 31
\BOOKMARK [2][-]{subsection.4.2.1}{\376\377\000V\000\375\000s\000l\000e\000d\000k\000y}{section.4.2}% 32
\BOOKMARK [1][-]{section.4.3}{\376\377\000M\000o\000d\000e\000l\000\040\000N\000O\000D\0000\0002}{chapter.4}% 33
\BOOKMARK [2][-]{subsection.4.3.1}{\376\377\000V\000\375\000s\000l\000e\000d\000k\000y}{section.4.3}% 34
\BOOKMARK [1][-]{section.4.4}{\376\377\000M\000o\000d\000e\000l\000\040\000N\000O\000D\0000\0003}{chapter.4}% 35
\BOOKMARK [2][-]{subsection.4.4.1}{\376\377\000V\000\375\000s\000l\000e\000d\000k\000y}{section.4.4}% 36
\BOOKMARK [1][-]{section.4.5}{\376\377\000M\000o\000d\000e\000l\000\040\000N\000O\000D\0000\0004}{chapter.4}% 37
\BOOKMARK [2][-]{subsection.4.5.1}{\376\377\000V\000\375\000s\000l\000e\000d\000k\000y}{section.4.5}% 38
\BOOKMARK [0][-]{chapter.5}{\376\377\000H\000o\000d\000n\000o\000c\000e\000n\000\355\000\040\000t\000e\000r\000m\000o\000h\000y\000d\000r\000a\000u\000l\000i\000c\000k\000\375\000c\000h\000\040\000m\000o\000d\000e\000l\001\157}{}% 39
\BOOKMARK [0][-]{chapter*.62}{\376\377\000Z\000\341\000v\001\033\000r}{}% 40
\BOOKMARK [0][-]{chapter*.63}{\376\377\000L\000i\000t\000e\000r\000a\000t\000u\000r\000a}{}% 41
\BOOKMARK [0][-]{chapter*.63}{\376\377\000P\001\131\000\355\000l\000o\000h\000y}{}% 42
\BOOKMARK [0][-]{appendix.A}{\376\377\000P\001\131\000e\000h\000l\000e\000d\000\040\000m\000o\000d\000e\000l\001\157}{}% 43
\BOOKMARK [0][-]{appendix.B}{\376\377\000T\000a\000b\000u\000l\000k\000y}{}% 44
\BOOKMARK [0][-]{appendix.C}{\376\377\000O\000b\000r\000\341\000z\000k\000y}{}% 45
